2022-09-22 09:08:56.532  INFO 7192 --- [restartedMain] com.example.user.UserApplication         : Starting UserApplication using Java 17.0.4.1 on DESKTOP-CUO7CEV with PID 7192 (C:\Users\hp\IdeaProjects\User\target\classes started by hp in C:\Users\hp\IdeaProjects\User)
2022-09-22 09:08:56.536  INFO 7192 --- [restartedMain] com.example.user.UserApplication         : The following 1 profile is active: "dev"
2022-09-22 09:08:56.581  INFO 7192 --- [restartedMain] .e.DevToolsPropertyDefaultsPostProcessor : Devtools property defaults active! Set 'spring.devtools.add-properties' to 'false' to disable
2022-09-22 09:08:56.581  INFO 7192 --- [restartedMain] .e.DevToolsPropertyDefaultsPostProcessor : For additional web related logging consider setting the 'logging.level.web' property to 'DEBUG'
2022-09-22 09:08:57.305  INFO 7192 --- [restartedMain] .s.d.r.c.RepositoryConfigurationDelegate : Bootstrapping Spring Data JPA repositories in DEFAULT mode.
2022-09-22 09:08:57.406  INFO 7192 --- [restartedMain] .s.d.r.c.RepositoryConfigurationDelegate : Finished Spring Data repository scanning in 94 ms. Found 1 JPA repository interfaces.
2022-09-22 09:08:57.605  INFO 7192 --- [restartedMain] o.s.cloud.context.scope.GenericScope     : BeanFactory id=149185bf-2c85-373d-9db4-d38063fa187c
2022-09-22 09:08:58.099  INFO 7192 --- [restartedMain] o.s.b.w.embedded.tomcat.TomcatWebServer  : Tomcat initialized with port(s): 8081 (http)
2022-09-22 09:08:58.106  INFO 7192 --- [restartedMain] o.apache.catalina.core.StandardService   : Starting service [Tomcat]
2022-09-22 09:08:58.107  INFO 7192 --- [restartedMain] org.apache.catalina.core.StandardEngine  : Starting Servlet engine: [Apache Tomcat/9.0.65]
2022-09-22 09:08:58.176  INFO 7192 --- [restartedMain] o.a.c.c.C.[Tomcat].[localhost].[/]       : Initializing Spring embedded WebApplicationContext
2022-09-22 09:08:58.176  INFO 7192 --- [restartedMain] w.s.c.ServletWebServerApplicationContext : Root WebApplicationContext: initialization completed in 1594 ms
2022-09-22 09:08:58.282  INFO 7192 --- [restartedMain] o.hibernate.jpa.internal.util.LogHelper  : HHH000204: Processing PersistenceUnitInfo [name: default]
2022-09-22 09:08:58.322  INFO 7192 --- [restartedMain] org.hibernate.Version                    : HHH000412: Hibernate ORM core version 5.6.10.Final
2022-09-22 09:08:58.471  INFO 7192 --- [restartedMain] o.hibernate.annotations.common.Version   : HCANN000001: Hibernate Commons Annotations {5.1.2.Final}
2022-09-22 09:08:58.549  INFO 7192 --- [restartedMain] com.zaxxer.hikari.HikariDataSource       : HikariPool-1 - Starting...
2022-09-22 09:08:58.766  INFO 7192 --- [restartedMain] com.zaxxer.hikari.HikariDataSource       : HikariPool-1 - Start completed.
2022-09-22 09:08:58.789  INFO 7192 --- [restartedMain] org.hibernate.dialect.Dialect            : HHH000400: Using dialect: org.hibernate.dialect.MySQL8Dialect
2022-09-22 09:08:59.308  INFO 7192 --- [restartedMain] o.h.e.t.j.p.i.JtaPlatformInitiator       : HHH000490: Using JtaPlatform implementation: [org.hibernate.engine.transaction.jta.platform.internal.NoJtaPlatform]
2022-09-22 09:08:59.314  INFO 7192 --- [restartedMain] j.LocalContainerEntityManagerFactoryBean : Initialized JPA EntityManagerFactory for persistence unit 'default'
2022-09-22 09:08:59.591  WARN 7192 --- [restartedMain] JpaBaseConfiguration$JpaWebConfiguration : spring.jpa.open-in-view is enabled by default. Therefore, database queries may be performed during view rendering. Explicitly configure spring.jpa.open-in-view to disable this warning
2022-09-22 09:08:59.810  WARN 7192 --- [restartedMain] ion$DefaultTemplateResolverConfiguration : Cannot find template location: classpath:/templates/ (please add some templates or check your Thymeleaf configuration)
2022-09-22 09:08:59.924  WARN 7192 --- [restartedMain] o.s.b.d.a.OptionalLiveReloadServer       : Unable to start LiveReload server
2022-09-22 09:09:00.028  INFO 7192 --- [restartedMain] DiscoveryClientOptionalArgsConfiguration : Eureka HTTP Client uses RestTemplate.
2022-09-22 09:09:00.185  WARN 7192 --- [restartedMain] iguration$LoadBalancerCaffeineWarnLogger : Spring Cloud LoadBalancer is currently working with the default cache. While this cache implementation is useful for development and tests, it's recommended to use Caffeine cache in production.You can switch to using Caffeine cache, by adding it and org.springframework.cache.caffeine.CaffeineCacheManager to the classpath.
2022-09-22 09:09:00.243  INFO 7192 --- [restartedMain] o.s.c.n.eureka.InstanceInfoFactory       : Setting initial instance status as: STARTING
2022-09-22 09:09:00.269  INFO 7192 --- [restartedMain] com.netflix.discovery.DiscoveryClient    : Initializing Eureka in region us-east-1
2022-09-22 09:09:00.273  INFO 7192 --- [restartedMain] c.n.d.s.r.aws.ConfigClusterResolver      : Resolving eureka endpoints via configuration
2022-09-22 09:09:00.293  INFO 7192 --- [restartedMain] com.netflix.discovery.DiscoveryClient    : Disable delta property : false
2022-09-22 09:09:00.293  INFO 7192 --- [restartedMain] com.netflix.discovery.DiscoveryClient    : Single vip registry refresh property : null
2022-09-22 09:09:00.293  INFO 7192 --- [restartedMain] com.netflix.discovery.DiscoveryClient    : Force full registry fetch : false
2022-09-22 09:09:00.293  INFO 7192 --- [restartedMain] com.netflix.discovery.DiscoveryClient    : Application is null : false
2022-09-22 09:09:00.293  INFO 7192 --- [restartedMain] com.netflix.discovery.DiscoveryClient    : Registered Applications size is zero : true
2022-09-22 09:09:00.294  INFO 7192 --- [restartedMain] com.netflix.discovery.DiscoveryClient    : Application version is -1: true
2022-09-22 09:09:00.294  INFO 7192 --- [restartedMain] com.netflix.discovery.DiscoveryClient    : Getting all instance registry info from the eureka server
2022-09-22 09:09:00.527  INFO 7192 --- [restartedMain] com.netflix.discovery.DiscoveryClient    : The response status is 200
2022-09-22 09:09:00.530  INFO 7192 --- [restartedMain] com.netflix.discovery.DiscoveryClient    : Starting heartbeat executor: renew interval is: 30
2022-09-22 09:09:00.533  INFO 7192 --- [restartedMain] c.n.discovery.InstanceInfoReplicator     : InstanceInfoReplicator onDemand update allowed rate per min is 4
2022-09-22 09:09:00.538  INFO 7192 --- [restartedMain] com.netflix.discovery.DiscoveryClient    : Discovery Client initialized at timestamp 1663817940537 with initial instances count: 3
2022-09-22 09:09:00.540  INFO 7192 --- [restartedMain] o.s.c.n.e.s.EurekaServiceRegistry        : Registering application USER with eureka with status UP
2022-09-22 09:09:00.541  INFO 7192 --- [restartedMain] com.netflix.discovery.DiscoveryClient    : Saw local status change event StatusChangeEvent [timestamp=1663817940541, current=UP, previous=STARTING]
2022-09-22 09:09:00.543  INFO 7192 --- [DiscoveryClient-InstanceInfoReplicator-0] com.netflix.discovery.DiscoveryClient    : DiscoveryClient_USER/DESKTOP-CUO7CEV:User:8081: registering service...
2022-09-22 09:09:00.570  INFO 7192 --- [restartedMain] o.s.b.w.embedded.tomcat.TomcatWebServer  : Tomcat started on port(s): 8081 (http) with context path ''
2022-09-22 09:09:00.571  INFO 7192 --- [restartedMain] .s.c.n.e.s.EurekaAutoServiceRegistration : Updating port to 8081
2022-09-22 09:09:00.585  INFO 7192 --- [DiscoveryClient-InstanceInfoReplicator-0] com.netflix.discovery.DiscoveryClient    : DiscoveryClient_USER/DESKTOP-CUO7CEV:User:8081 - registration status: 204
2022-09-22 09:09:00.639  INFO 7192 --- [restartedMain] com.example.user.UserApplication         : Started UserApplication in 4.581 seconds (JVM running for 5.246)
2022-09-22 09:09:00.642  INFO 7192 --- [restartedMain] com.example.user.UserApplication         : !!!.............Hello Logger...........!!!
2022-09-22 09:10:19.668  INFO 7192 --- [http-nio-8081-exec-1] o.a.c.c.C.[Tomcat].[localhost].[/]       : Initializing Spring DispatcherServlet 'dispatcherServlet'
2022-09-22 09:10:19.668  INFO 7192 --- [http-nio-8081-exec-1] o.s.web.servlet.DispatcherServlet        : Initializing Servlet 'dispatcherServlet'
2022-09-22 09:10:19.669  INFO 7192 --- [http-nio-8081-exec-1] o.s.web.servlet.DispatcherServlet        : Completed initialization in 1 ms
2022-09-22 09:14:00.298  INFO 7192 --- [AsyncResolver-bootstrap-executor-0] c.n.d.s.r.aws.ConfigClusterResolver      : Resolving eureka endpoints via configuration
2022-09-22 09:19:00.309  INFO 7192 --- [AsyncResolver-bootstrap-executor-0] c.n.d.s.r.aws.ConfigClusterResolver      : Resolving eureka endpoints via configuration
2022-09-22 09:24:00.318  INFO 7192 --- [AsyncResolver-bootstrap-executor-0] c.n.d.s.r.aws.ConfigClusterResolver      : Resolving eureka endpoints via configuration
2022-09-22 09:29:00.322  INFO 7192 --- [AsyncResolver-bootstrap-executor-0] c.n.d.s.r.aws.ConfigClusterResolver      : Resolving eureka endpoints via configuration
2022-09-22 09:34:00.329  INFO 7192 --- [AsyncResolver-bootstrap-executor-0] c.n.d.s.r.aws.ConfigClusterResolver      : Resolving eureka endpoints via configuration
2022-09-22 09:39:00.342  INFO 7192 --- [AsyncResolver-bootstrap-executor-0] c.n.d.s.r.aws.ConfigClusterResolver      : Resolving eureka endpoints via configuration
2022-09-22 09:41:55.542  INFO 7192 --- [SpringApplicationShutdownHook] o.s.c.n.e.s.EurekaServiceRegistry        : Unregistering application USER with eureka with status DOWN
2022-09-22 09:41:55.543  INFO 7192 --- [SpringApplicationShutdownHook] com.netflix.discovery.DiscoveryClient    : Saw local status change event StatusChangeEvent [timestamp=1663819915543, current=DOWN, previous=UP]
2022-09-22 09:41:55.544  INFO 7192 --- [DiscoveryClient-InstanceInfoReplicator-0] com.netflix.discovery.DiscoveryClient    : DiscoveryClient_USER/DESKTOP-CUO7CEV:User:8081: registering service...
2022-09-22 09:41:55.553  INFO 7192 --- [DiscoveryClient-InstanceInfoReplicator-0] com.netflix.discovery.DiscoveryClient    : DiscoveryClient_USER/DESKTOP-CUO7CEV:User:8081 - registration status: 204
2022-09-22 09:41:55.579  INFO 7192 --- [SpringApplicationShutdownHook] j.LocalContainerEntityManagerFactoryBean : Closing JPA EntityManagerFactory for persistence unit 'default'
2022-09-22 09:41:55.582  INFO 7192 --- [SpringApplicationShutdownHook] com.zaxxer.hikari.HikariDataSource       : HikariPool-1 - Shutdown initiated...
2022-09-22 09:41:55.590  INFO 7192 --- [SpringApplicationShutdownHook] com.zaxxer.hikari.HikariDataSource       : HikariPool-1 - Shutdown completed.
2022-09-22 09:41:55.590  INFO 7192 --- [SpringApplicationShutdownHook] com.netflix.discovery.DiscoveryClient    : Shutting down DiscoveryClient ...
2022-09-22 09:41:58.595  INFO 7192 --- [SpringApplicationShutdownHook] com.netflix.discovery.DiscoveryClient    : Unregistering ...
2022-09-22 09:41:58.602  INFO 7192 --- [SpringApplicationShutdownHook] com.netflix.discovery.DiscoveryClient    : DiscoveryClient_USER/DESKTOP-CUO7CEV:User:8081 - deregister  status: 200
2022-09-22 09:41:58.609  INFO 7192 --- [SpringApplicationShutdownHook] com.netflix.discovery.DiscoveryClient    : Completed shut down of DiscoveryClient
2022-09-22 09:42:14.284  INFO 13176 --- [restartedMain] com.example.user.UserApplication         : Starting UserApplication using Java 17.0.4.1 on DESKTOP-CUO7CEV with PID 13176 (C:\Users\hp\IdeaProjects\User\target\classes started by hp in C:\Users\hp\IdeaProjects\User)
2022-09-22 09:42:14.293  INFO 13176 --- [restartedMain] com.example.user.UserApplication         : The following 1 profile is active: "dev"
2022-09-22 09:42:14.904  INFO 13176 --- [restartedMain] .e.DevToolsPropertyDefaultsPostProcessor : Devtools property defaults active! Set 'spring.devtools.add-properties' to 'false' to disable
2022-09-22 09:42:14.905  INFO 13176 --- [restartedMain] .e.DevToolsPropertyDefaultsPostProcessor : For additional web related logging consider setting the 'logging.level.web' property to 'DEBUG'
2022-09-22 09:42:17.403  INFO 13176 --- [restartedMain] .s.d.r.c.RepositoryConfigurationDelegate : Bootstrapping Spring Data JPA repositories in DEFAULT mode.
2022-09-22 09:42:17.579  INFO 13176 --- [restartedMain] .s.d.r.c.RepositoryConfigurationDelegate : Finished Spring Data repository scanning in 161 ms. Found 1 JPA repository interfaces.
2022-09-22 09:42:17.872  INFO 13176 --- [restartedMain] o.s.cloud.context.scope.GenericScope     : BeanFactory id=bbae1a22-2945-393c-bae3-3ff558655897
2022-09-22 09:42:18.419  INFO 13176 --- [restartedMain] o.s.b.w.embedded.tomcat.TomcatWebServer  : Tomcat initialized with port(s): 8081 (http)
2022-09-22 09:42:18.426  INFO 13176 --- [restartedMain] o.apache.catalina.core.StandardService   : Starting service [Tomcat]
2022-09-22 09:42:18.426  INFO 13176 --- [restartedMain] org.apache.catalina.core.StandardEngine  : Starting Servlet engine: [Apache Tomcat/9.0.65]
2022-09-22 09:42:18.504  INFO 13176 --- [restartedMain] o.a.c.c.C.[Tomcat].[localhost].[/]       : Initializing Spring embedded WebApplicationContext
2022-09-22 09:42:18.504  INFO 13176 --- [restartedMain] w.s.c.ServletWebServerApplicationContext : Root WebApplicationContext: initialization completed in 3593 ms
2022-09-22 09:42:18.644  INFO 13176 --- [restartedMain] o.hibernate.jpa.internal.util.LogHelper  : HHH000204: Processing PersistenceUnitInfo [name: default]
2022-09-22 09:42:18.695  INFO 13176 --- [restartedMain] org.hibernate.Version                    : HHH000412: Hibernate ORM core version 5.6.10.Final
2022-09-22 09:42:18.841  INFO 13176 --- [restartedMain] o.hibernate.annotations.common.Version   : HCANN000001: Hibernate Commons Annotations {5.1.2.Final}
2022-09-22 09:42:18.927  INFO 13176 --- [restartedMain] com.zaxxer.hikari.HikariDataSource       : HikariPool-1 - Starting...
2022-09-22 09:42:19.171  INFO 13176 --- [restartedMain] com.zaxxer.hikari.HikariDataSource       : HikariPool-1 - Start completed.
2022-09-22 09:42:19.198  INFO 13176 --- [restartedMain] org.hibernate.dialect.Dialect            : HHH000400: Using dialect: org.hibernate.dialect.MySQL8Dialect
2022-09-22 09:42:19.920  INFO 13176 --- [restartedMain] o.h.e.t.j.p.i.JtaPlatformInitiator       : HHH000490: Using JtaPlatform implementation: [org.hibernate.engine.transaction.jta.platform.internal.NoJtaPlatform]
2022-09-22 09:42:19.929  INFO 13176 --- [restartedMain] j.LocalContainerEntityManagerFactoryBean : Initialized JPA EntityManagerFactory for persistence unit 'default'
2022-09-22 09:42:21.305  WARN 13176 --- [restartedMain] JpaBaseConfiguration$JpaWebConfiguration : spring.jpa.open-in-view is enabled by default. Therefore, database queries may be performed during view rendering. Explicitly configure spring.jpa.open-in-view to disable this warning
2022-09-22 09:42:21.563  WARN 13176 --- [restartedMain] ion$DefaultTemplateResolverConfiguration : Cannot find template location: classpath:/templates/ (please add some templates or check your Thymeleaf configuration)
2022-09-22 09:42:21.674  WARN 13176 --- [restartedMain] o.s.b.d.a.OptionalLiveReloadServer       : Unable to start LiveReload server
2022-09-22 09:42:21.774  INFO 13176 --- [restartedMain] DiscoveryClientOptionalArgsConfiguration : Eureka HTTP Client uses RestTemplate.
2022-09-22 09:42:21.929  WARN 13176 --- [restartedMain] iguration$LoadBalancerCaffeineWarnLogger : Spring Cloud LoadBalancer is currently working with the default cache. While this cache implementation is useful for development and tests, it's recommended to use Caffeine cache in production.You can switch to using Caffeine cache, by adding it and org.springframework.cache.caffeine.CaffeineCacheManager to the classpath.
2022-09-22 09:42:21.982  INFO 13176 --- [restartedMain] o.s.c.n.eureka.InstanceInfoFactory       : Setting initial instance status as: STARTING
2022-09-22 09:42:22.010  INFO 13176 --- [restartedMain] com.netflix.discovery.DiscoveryClient    : Initializing Eureka in region us-east-1
2022-09-22 09:42:22.014  INFO 13176 --- [restartedMain] c.n.d.s.r.aws.ConfigClusterResolver      : Resolving eureka endpoints via configuration
2022-09-22 09:42:22.032  INFO 13176 --- [restartedMain] com.netflix.discovery.DiscoveryClient    : Disable delta property : false
2022-09-22 09:42:22.032  INFO 13176 --- [restartedMain] com.netflix.discovery.DiscoveryClient    : Single vip registry refresh property : null
2022-09-22 09:42:22.032  INFO 13176 --- [restartedMain] com.netflix.discovery.DiscoveryClient    : Force full registry fetch : false
2022-09-22 09:42:22.033  INFO 13176 --- [restartedMain] com.netflix.discovery.DiscoveryClient    : Application is null : false
2022-09-22 09:42:22.033  INFO 13176 --- [restartedMain] com.netflix.discovery.DiscoveryClient    : Registered Applications size is zero : true
2022-09-22 09:42:22.033  INFO 13176 --- [restartedMain] com.netflix.discovery.DiscoveryClient    : Application version is -1: true
2022-09-22 09:42:22.033  INFO 13176 --- [restartedMain] com.netflix.discovery.DiscoveryClient    : Getting all instance registry info from the eureka server
2022-09-22 09:42:22.243  INFO 13176 --- [restartedMain] com.netflix.discovery.DiscoveryClient    : The response status is 200
2022-09-22 09:42:22.246  INFO 13176 --- [restartedMain] com.netflix.discovery.DiscoveryClient    : Starting heartbeat executor: renew interval is: 30
2022-09-22 09:42:22.249  INFO 13176 --- [restartedMain] c.n.discovery.InstanceInfoReplicator     : InstanceInfoReplicator onDemand update allowed rate per min is 4
2022-09-22 09:42:22.255  INFO 13176 --- [restartedMain] com.netflix.discovery.DiscoveryClient    : Discovery Client initialized at timestamp 1663819942254 with initial instances count: 2
2022-09-22 09:42:22.257  INFO 13176 --- [restartedMain] o.s.c.n.e.s.EurekaServiceRegistry        : Registering application USER with eureka with status UP
2022-09-22 09:42:22.258  INFO 13176 --- [restartedMain] com.netflix.discovery.DiscoveryClient    : Saw local status change event StatusChangeEvent [timestamp=1663819942258, current=UP, previous=STARTING]
2022-09-22 09:42:22.260  INFO 13176 --- [DiscoveryClient-InstanceInfoReplicator-0] com.netflix.discovery.DiscoveryClient    : DiscoveryClient_USER/DESKTOP-CUO7CEV:User:8081: registering service...
2022-09-22 09:42:22.286  INFO 13176 --- [restartedMain] o.s.b.w.embedded.tomcat.TomcatWebServer  : Tomcat started on port(s): 8081 (http) with context path ''
2022-09-22 09:42:22.287  INFO 13176 --- [restartedMain] .s.c.n.e.s.EurekaAutoServiceRegistration : Updating port to 8081
2022-09-22 09:42:22.302  INFO 13176 --- [DiscoveryClient-InstanceInfoReplicator-0] com.netflix.discovery.DiscoveryClient    : DiscoveryClient_USER/DESKTOP-CUO7CEV:User:8081 - registration status: 204
2022-09-22 09:42:22.352  INFO 13176 --- [restartedMain] com.example.user.UserApplication         : Started UserApplication in 10.841 seconds (JVM running for 11.892)
2022-09-22 09:42:22.355  INFO 13176 --- [restartedMain] com.example.user.UserApplication         : !!!.............Hello Logger...........!!!
2022-09-22 09:42:44.690  INFO 13176 --- [http-nio-8081-exec-1] o.a.c.c.C.[Tomcat].[localhost].[/]       : Initializing Spring DispatcherServlet 'dispatcherServlet'
2022-09-22 09:42:44.690  INFO 13176 --- [http-nio-8081-exec-1] o.s.web.servlet.DispatcherServlet        : Initializing Servlet 'dispatcherServlet'
2022-09-22 09:42:44.690  INFO 13176 --- [http-nio-8081-exec-1] o.s.web.servlet.DispatcherServlet        : Completed initialization in 0 ms
2022-09-22 09:47:22.035  INFO 13176 --- [AsyncResolver-bootstrap-executor-0] c.n.d.s.r.aws.ConfigClusterResolver      : Resolving eureka endpoints via configuration
2022-09-22 09:50:17.742  INFO 13176 --- [SpringApplicationShutdownHook] o.s.c.n.e.s.EurekaServiceRegistry        : Unregistering application USER with eureka with status DOWN
2022-09-22 09:50:17.742  INFO 13176 --- [SpringApplicationShutdownHook] com.netflix.discovery.DiscoveryClient    : Saw local status change event StatusChangeEvent [timestamp=1663820417742, current=DOWN, previous=UP]
2022-09-22 09:50:17.742  INFO 13176 --- [DiscoveryClient-InstanceInfoReplicator-0] com.netflix.discovery.DiscoveryClient    : DiscoveryClient_USER/DESKTOP-CUO7CEV:User:8081: registering service...
2022-09-22 09:50:17.750  INFO 13176 --- [DiscoveryClient-InstanceInfoReplicator-0] com.netflix.discovery.DiscoveryClient    : DiscoveryClient_USER/DESKTOP-CUO7CEV:User:8081 - registration status: 204
2022-09-22 09:50:17.766  INFO 13176 --- [SpringApplicationShutdownHook] j.LocalContainerEntityManagerFactoryBean : Closing JPA EntityManagerFactory for persistence unit 'default'
2022-09-22 09:50:17.769  INFO 13176 --- [SpringApplicationShutdownHook] com.zaxxer.hikari.HikariDataSource       : HikariPool-1 - Shutdown initiated...
2022-09-22 09:50:17.774  INFO 13176 --- [SpringApplicationShutdownHook] com.zaxxer.hikari.HikariDataSource       : HikariPool-1 - Shutdown completed.
2022-09-22 09:50:17.775  INFO 13176 --- [SpringApplicationShutdownHook] com.netflix.discovery.DiscoveryClient    : Shutting down DiscoveryClient ...
2022-09-22 09:50:20.784  INFO 13176 --- [SpringApplicationShutdownHook] com.netflix.discovery.DiscoveryClient    : Unregistering ...
2022-09-22 09:50:20.791  INFO 13176 --- [SpringApplicationShutdownHook] com.netflix.discovery.DiscoveryClient    : DiscoveryClient_USER/DESKTOP-CUO7CEV:User:8081 - deregister  status: 200
2022-09-22 09:50:20.794  INFO 13176 --- [SpringApplicationShutdownHook] com.netflix.discovery.DiscoveryClient    : Completed shut down of DiscoveryClient
